2021-12-11 22:30:07,190:INFO:PyCaret Supervised Module
2021-12-11 22:30:07,190:INFO:ML Usecase: regression
2021-12-11 22:30:07,190:INFO:version 2.3.4
2021-12-11 22:30:07,190:INFO:Initializing setup()
2021-12-11 22:30:07,190:INFO:setup(target=salary_in_usd, ml_usecase=regression, available_plots={'parameter': 'Hyperparameters', 'residuals': 'Residuals', 'error': 'Prediction Error', 'cooks': 'Cooks Distance', 'rfe': 'Feature Selection', 'learning': 'Learning Curve', 'manifold': 'Manifold Learning', 'vc': 'Validation Curve', 'feature': 'Feature Importance', 'feature_all': 'Feature Importance (All)', 'tree': 'Decision Tree', 'residuals_interactive': 'Interactive Residuals'}, train_size=0.7, test_data=None, preprocess=True, imputation_type=simple, iterative_imputation_iters=5, categorical_features=None, categorical_imputation=constant, categorical_iterative_imputer=lightgbm, ordinal_features=None, high_cardinality_features=None, high_cardinality_method=frequency, numeric_features=None, numeric_imputation=mean, numeric_iterative_imputer=lightgbm, date_features=None, ignore_features=['salary', 'salary_currency'], normalize=False, normalize_method=zscore, transformation=False, transformation_method=yeo-johnson, handle_unknown_categorical=True, unknown_categorical_method=least_frequent, pca=False, pca_method=linear, pca_components=None, ignore_low_variance=False, combine_rare_levels=False, rare_level_threshold=0.1, bin_numeric_features=None, remove_outliers=False, outliers_threshold=0.05, remove_multicollinearity=False, multicollinearity_threshold=0.9, remove_perfect_collinearity=True, create_clusters=False, cluster_iter=20, polynomial_features=False, polynomial_degree=2, trigonometry_features=False, polynomial_threshold=0.1, group_features=None, group_names=None, feature_selection=False, feature_selection_threshold=0.8, feature_selection_method=classic, feature_interaction=False, feature_ratio=False, interaction_threshold=0.01, fix_imbalance=False, fix_imbalance_method=None, transform_target=False, transform_target_method=box-cox, data_split_shuffle=True, data_split_stratify=False, fold_strategy=kfold, fold=10, fold_shuffle=False, fold_groups=None, n_jobs=-1, use_gpu=False, custom_pipeline=None, html=True, session_id=123, log_experiment=False, experiment_name=None, log_plots=False, log_profile=False, log_data=False, silent=False, verbose=True, profile=False, profile_kwargs=None, display=None)
2021-12-11 22:30:07,190:INFO:Checking environment
2021-12-11 22:30:07,190:INFO:python_version: 3.8.8
2021-12-11 22:30:07,190:INFO:python_build: ('default', 'Apr 13 2021 15:08:03')
2021-12-11 22:30:07,190:INFO:machine: AMD64
2021-12-11 22:30:07,190:INFO:platform: Windows-10-10.0.19041-SP0
2021-12-11 22:30:07,190:INFO:Memory: svmem(total=8428244992, available=1936527360, percent=77.0, used=6491717632, free=1936527360)
2021-12-11 22:30:07,190:INFO:Physical Core: 4
2021-12-11 22:30:07,190:INFO:Logical Core: 8
2021-12-11 22:30:07,190:INFO:Checking libraries
2021-12-11 22:30:07,190:INFO:pd==1.2.4
2021-12-11 22:30:07,190:INFO:numpy==1.19.5
2021-12-11 22:30:07,190:INFO:sklearn==0.23.2
2021-12-11 22:30:07,190:INFO:lightgbm==3.3.1
2021-12-11 22:30:07,190:WARNING:catboost not found
2021-12-11 22:30:07,206:WARNING:xgboost not found
2021-12-11 22:30:08,855:INFO:mlflow==1.21.0
2021-12-11 22:30:08,856:INFO:Checking Exceptions
2021-12-11 22:30:08,856:INFO:Declaring global variables
2021-12-11 22:30:08,856:INFO:USI: 07de
2021-12-11 22:30:08,856:INFO:pycaret_globals: {'html_param', '_all_metrics', 'target_param', 'USI', 'y', 'n_jobs_param', '_ml_usecase', 'stratify_param', 'X', 'seed', 'X_train', 'fold_generator', 'create_model_container', 'imputation_regressor', 'y_test', 'pycaret_globals', 'master_model_container', '_internal_pipeline', 'gpu_param', 'log_plots_param', 'iterative_imputation_iters_param', '_gpu_n_jobs_param', 'display_container', 'fold_groups_param', '_available_plots', 'fix_imbalance_param', 'transform_target_param', '_all_models_internal', '_all_models', 'imputation_classifier', 'fold_shuffle_param', 'exp_name_log', 'fold_groups_param_full', 'X_test', 'experiment__', 'fold_param', 'transform_target_method_param', 'y_train', 'prep_pipe', 'fix_imbalance_method_param', 'logging_param', 'data_before_preprocess'}
2021-12-11 22:30:08,856:INFO:Preparing display monitor
2021-12-11 22:30:08,856:INFO:Preparing display monitor
2021-12-11 22:30:09,967:INFO:Importing libraries
2021-12-11 22:30:09,972:INFO:Copying data for preprocessing
2021-12-11 22:30:10,462:INFO:Declaring preprocessing parameters
2021-12-11 22:30:10,516:INFO:Creating preprocessing pipeline
2021-12-11 22:30:10,531:INFO:Preprocessing pipeline created successfully
2021-12-11 22:30:10,531:ERROR:(Process Exit): setup has been interupted with user command 'quit'. setup must rerun.
2021-12-11 22:30:10,531:INFO:Creating global containers
2021-12-11 22:30:10,531:INFO:Internal pipeline: Pipeline(memory=None, steps=[('empty_step', 'passthrough')], verbose=False)
2021-12-11 22:30:16,171:WARNING:Couldn't import xgboost.XGBRegressor
2021-12-11 22:30:16,174:WARNING:Couldn't import catboost.CatBoostRegressor
2021-12-11 22:30:16,437:WARNING:Couldn't import xgboost.XGBRegressor
2021-12-11 22:30:16,440:WARNING:Couldn't import catboost.CatBoostRegressor
2021-12-11 22:30:16,440:INFO:Creating grid variables
2021-12-11 22:30:16,520:INFO:create_model_container: 0
2021-12-11 22:30:16,520:INFO:master_model_container: 0
2021-12-11 22:30:16,520:INFO:display_container: 1
2021-12-11 22:30:16,536:INFO:Pipeline(memory=None,
         steps=[('dtypes',
                 DataTypes_Auto_infer(categorical_features=[],
                                      display_types=True,
                                      features_todrop=['salary',
                                                       'salary_currency'],
                                      id_columns=[], ml_usecase='regression',
                                      numerical_features=[],
                                      target='salary_in_usd',
                                      time_features=[])),
                ('imputer',
                 Simple_Imputer(categorical_strategy='not_available',
                                fill_value_categorical=None,
                                fill_value...
                ('scaling', 'passthrough'), ('P_transform', 'passthrough'),
                ('binn', 'passthrough'), ('rem_outliers', 'passthrough'),
                ('cluster_all', 'passthrough'),
                ('dummy', Dummify(target='salary_in_usd')),
                ('fix_perfect', Remove_100(target='salary_in_usd')),
                ('clean_names', Clean_Colum_Names()),
                ('feature_select', 'passthrough'), ('fix_multi', 'passthrough'),
                ('dfs', 'passthrough'), ('pca', 'passthrough')],
         verbose=False)
2021-12-11 22:30:16,536:INFO:setup() succesfully completed......................................
2021-12-11 22:44:16,792:INFO:PyCaret Supervised Module
2021-12-11 22:44:16,792:INFO:ML Usecase: regression
2021-12-11 22:44:16,792:INFO:version 2.3.4
2021-12-11 22:44:16,792:INFO:Initializing setup()
2021-12-11 22:44:16,792:INFO:setup(target=salary_in_usd, ml_usecase=regression, available_plots={'parameter': 'Hyperparameters', 'residuals': 'Residuals', 'error': 'Prediction Error', 'cooks': 'Cooks Distance', 'rfe': 'Feature Selection', 'learning': 'Learning Curve', 'manifold': 'Manifold Learning', 'vc': 'Validation Curve', 'feature': 'Feature Importance', 'feature_all': 'Feature Importance (All)', 'tree': 'Decision Tree', 'residuals_interactive': 'Interactive Residuals'}, train_size=0.7, test_data=None, preprocess=True, imputation_type=simple, iterative_imputation_iters=5, categorical_features=None, categorical_imputation=constant, categorical_iterative_imputer=lightgbm, ordinal_features=None, high_cardinality_features=None, high_cardinality_method=frequency, numeric_features=None, numeric_imputation=mean, numeric_iterative_imputer=lightgbm, date_features=None, ignore_features=['salary', 'salary_currency'], normalize=False, normalize_method=zscore, transformation=False, transformation_method=yeo-johnson, handle_unknown_categorical=True, unknown_categorical_method=least_frequent, pca=False, pca_method=linear, pca_components=None, ignore_low_variance=False, combine_rare_levels=False, rare_level_threshold=0.1, bin_numeric_features=None, remove_outliers=False, outliers_threshold=0.05, remove_multicollinearity=False, multicollinearity_threshold=0.9, remove_perfect_collinearity=True, create_clusters=False, cluster_iter=20, polynomial_features=False, polynomial_degree=2, trigonometry_features=False, polynomial_threshold=0.1, group_features=None, group_names=None, feature_selection=False, feature_selection_threshold=0.8, feature_selection_method=classic, feature_interaction=False, feature_ratio=False, interaction_threshold=0.01, fix_imbalance=False, fix_imbalance_method=None, transform_target=False, transform_target_method=box-cox, data_split_shuffle=True, data_split_stratify=False, fold_strategy=kfold, fold=10, fold_shuffle=False, fold_groups=None, n_jobs=-1, use_gpu=False, custom_pipeline=None, html=True, session_id=123, log_experiment=False, experiment_name=None, log_plots=False, log_profile=False, log_data=False, silent=False, verbose=True, profile=False, profile_kwargs=None, display=None)
2021-12-11 22:44:16,792:INFO:Checking environment
2021-12-11 22:44:16,792:INFO:python_version: 3.8.8
2021-12-11 22:44:16,792:INFO:python_build: ('default', 'Apr 13 2021 15:08:03')
2021-12-11 22:44:16,792:INFO:machine: AMD64
2021-12-11 22:44:16,792:INFO:platform: Windows-10-10.0.19041-SP0
2021-12-11 22:44:16,792:INFO:Memory: svmem(total=8428244992, available=2442199040, percent=71.0, used=5986045952, free=2442199040)
2021-12-11 22:44:16,792:INFO:Physical Core: 4
2021-12-11 22:44:16,792:INFO:Logical Core: 8
2021-12-11 22:44:16,792:INFO:Checking libraries
2021-12-11 22:44:16,792:INFO:pd==1.2.4
2021-12-11 22:44:16,792:INFO:numpy==1.19.5
2021-12-11 22:44:16,792:INFO:sklearn==0.23.2
2021-12-11 22:44:16,792:INFO:lightgbm==3.3.1
2021-12-11 22:44:16,792:WARNING:catboost not found
2021-12-11 22:44:16,792:WARNING:xgboost not found
2021-12-11 22:44:17,895:INFO:mlflow==1.21.0
2021-12-11 22:44:17,895:INFO:Checking Exceptions
2021-12-11 22:44:17,896:INFO:Declaring global variables
2021-12-11 22:44:17,896:INFO:USI: 0a55
2021-12-11 22:44:17,896:INFO:pycaret_globals: {'fix_imbalance_param', 'y', 'n_jobs_param', '_gpu_n_jobs_param', 'USI', 'pycaret_globals', '_all_metrics', '_all_models', '_available_plots', 'fold_shuffle_param', 'stratify_param', 'data_before_preprocess', 'fold_generator', 'fold_groups_param', 'prep_pipe', 'fold_param', 'display_container', 'seed', 'target_param', 'html_param', '_internal_pipeline', '_ml_usecase', 'imputation_classifier', 'iterative_imputation_iters_param', 'transform_target_param', 'logging_param', '_all_models_internal', 'y_test', 'X_test', 'experiment__', 'y_train', 'create_model_container', 'log_plots_param', 'gpu_param', 'master_model_container', 'transform_target_method_param', 'X', 'imputation_regressor', 'exp_name_log', 'X_train', 'fold_groups_param_full', 'fix_imbalance_method_param'}
2021-12-11 22:44:17,896:INFO:Preparing display monitor
2021-12-11 22:44:17,897:INFO:Preparing display monitor
2021-12-11 22:44:17,931:INFO:Importing libraries
2021-12-11 22:44:17,931:INFO:Copying data for preprocessing
2021-12-11 22:44:17,957:INFO:Declaring preprocessing parameters
2021-12-11 22:44:17,962:INFO:Creating preprocessing pipeline
2021-12-11 22:44:17,979:INFO:Preprocessing pipeline created successfully
2021-12-11 22:44:17,980:ERROR:(Process Exit): setup has been interupted with user command 'quit'. setup must rerun.
2021-12-11 22:44:17,981:INFO:Creating global containers
2021-12-11 22:44:17,984:INFO:Internal pipeline: Pipeline(memory=None, steps=[('empty_step', 'passthrough')], verbose=False)
2021-12-11 22:44:32,820:WARNING:Couldn't import xgboost.XGBRegressor
2021-12-11 22:44:32,828:WARNING:Couldn't import catboost.CatBoostRegressor
2021-12-11 22:44:33,127:WARNING:Couldn't import xgboost.XGBRegressor
2021-12-11 22:44:33,127:WARNING:Couldn't import catboost.CatBoostRegressor
2021-12-11 22:44:33,135:INFO:Creating grid variables
2021-12-11 22:44:33,175:INFO:create_model_container: 0
2021-12-11 22:44:33,176:INFO:master_model_container: 0
2021-12-11 22:44:33,177:INFO:display_container: 1
2021-12-11 22:44:33,189:INFO:Pipeline(memory=None,
         steps=[('dtypes',
                 DataTypes_Auto_infer(categorical_features=[],
                                      display_types=True,
                                      features_todrop=['salary',
                                                       'salary_currency'],
                                      id_columns=[], ml_usecase='regression',
                                      numerical_features=[],
                                      target='salary_in_usd',
                                      time_features=[])),
                ('imputer',
                 Simple_Imputer(categorical_strategy='not_available',
                                fill_value_categorical=None,
                                fill_value...
                ('scaling', 'passthrough'), ('P_transform', 'passthrough'),
                ('binn', 'passthrough'), ('rem_outliers', 'passthrough'),
                ('cluster_all', 'passthrough'),
                ('dummy', Dummify(target='salary_in_usd')),
                ('fix_perfect', Remove_100(target='salary_in_usd')),
                ('clean_names', Clean_Colum_Names()),
                ('feature_select', 'passthrough'), ('fix_multi', 'passthrough'),
                ('dfs', 'passthrough'), ('pca', 'passthrough')],
         verbose=False)
2021-12-11 22:44:33,189:INFO:setup() succesfully completed......................................
2021-12-11 22:44:44,946:INFO:Initializing compare_models()
2021-12-11 22:44:44,946:INFO:compare_models(include=None, fold=None, round=4, cross_validation=True, sort=R2, n_select=1, budget_time=None, turbo=True, errors=ignore, fit_kwargs=None, groups=None, verbose=True, display=None, exclude=None)
2021-12-11 22:44:44,946:INFO:Checking exceptions
2021-12-11 22:44:44,946:INFO:Preparing display monitor
2021-12-11 22:44:44,946:INFO:Preparing display monitor
2021-12-11 22:44:45,022:INFO:Initializing Linear Regression
2021-12-11 22:44:45,023:INFO:Total runtime is 0.0 minutes
2021-12-11 22:44:45,040:INFO:SubProcess create_model() called ==================================
2021-12-11 22:44:45,042:INFO:Initializing create_model()
2021-12-11 22:44:45,042:INFO:create_model(estimator=lr, fold=KFold(n_splits=10, random_state=None, shuffle=False), round=4, cross_validation=True, predict=True, fit_kwargs={}, groups=None, refit=False, verbose=False, system=False, metrics=None, add_to_model_list=True, display=<pycaret.internal.Display.Display object at 0x0000021A2362BE50>, kwargs={})
2021-12-11 22:44:45,043:INFO:Checking exceptions
2021-12-11 22:44:45,043:INFO:Importing libraries
2021-12-11 22:44:45,044:INFO:Copying training dataset
2021-12-11 22:44:45,045:INFO:Defining folds
2021-12-11 22:44:45,046:INFO:Declaring metric variables
2021-12-11 22:44:45,064:INFO:Importing untrained model
2021-12-11 22:44:45,081:INFO:Linear Regression Imported succesfully
2021-12-11 22:44:45,117:INFO:Starting cross validation
2021-12-11 22:44:45,168:INFO:Cross validating with KFold(n_splits=10, random_state=None, shuffle=False), n_jobs=-1
2021-12-11 22:44:50,823:INFO:Calculating mean and std
2021-12-11 22:44:50,824:INFO:Creating metrics dataframe
2021-12-11 22:44:50,836:INFO:Uploading results into container
2021-12-11 22:44:50,836:INFO:Uploading model into container now
2021-12-11 22:44:50,837:INFO:create_model_container: 1
2021-12-11 22:44:50,837:INFO:master_model_container: 1
2021-12-11 22:44:50,837:INFO:display_container: 2
2021-12-11 22:44:50,838:INFO:LinearRegression(copy_X=True, fit_intercept=True, n_jobs=-1, normalize=False)
2021-12-11 22:44:50,838:INFO:create_model() succesfully completed......................................
2021-12-11 22:44:50,994:INFO:SubProcess create_model() end ==================================
2021-12-11 22:44:50,994:INFO:Creating metrics dataframe
2021-12-11 22:44:51,026:INFO:Initializing Lasso Regression
2021-12-11 22:44:51,026:INFO:Total runtime is 0.10006330808003744 minutes
2021-12-11 22:44:51,055:INFO:SubProcess create_model() called ==================================
2021-12-11 22:44:51,055:INFO:Initializing create_model()
2021-12-11 22:44:51,062:INFO:create_model(estimator=lasso, fold=KFold(n_splits=10, random_state=None, shuffle=False), round=4, cross_validation=True, predict=True, fit_kwargs={}, groups=None, refit=False, verbose=False, system=False, metrics=None, add_to_model_list=True, display=<pycaret.internal.Display.Display object at 0x0000021A2362BE50>, kwargs={})
2021-12-11 22:44:51,062:INFO:Checking exceptions
2021-12-11 22:44:51,063:INFO:Importing libraries
2021-12-11 22:44:51,063:INFO:Copying training dataset
2021-12-11 22:44:51,063:INFO:Defining folds
2021-12-11 22:44:51,063:INFO:Declaring metric variables
2021-12-11 22:44:51,088:INFO:Importing untrained model
2021-12-11 22:44:51,108:INFO:Lasso Regression Imported succesfully
2021-12-11 22:44:51,154:INFO:Starting cross validation
2021-12-11 22:44:51,155:INFO:Cross validating with KFold(n_splits=10, random_state=None, shuffle=False), n_jobs=-1
2021-12-11 22:44:51,349:INFO:Calculating mean and std
2021-12-11 22:44:51,349:INFO:Creating metrics dataframe
2021-12-11 22:44:51,361:INFO:Uploading results into container
2021-12-11 22:44:51,362:INFO:Uploading model into container now
2021-12-11 22:44:51,362:INFO:create_model_container: 2
2021-12-11 22:44:51,363:INFO:master_model_container: 2
2021-12-11 22:44:51,363:INFO:display_container: 2
2021-12-11 22:44:51,363:INFO:Lasso(alpha=1.0, copy_X=True, fit_intercept=True, max_iter=1000,
      normalize=False, positive=False, precompute=False, random_state=123,
      selection='cyclic', tol=0.0001, warm_start=False)
2021-12-11 22:44:51,364:INFO:create_model() succesfully completed......................................
2021-12-11 22:44:51,493:INFO:SubProcess create_model() end ==================================
2021-12-11 22:44:51,493:INFO:Creating metrics dataframe
2021-12-11 22:44:51,532:INFO:Initializing Ridge Regression
2021-12-11 22:44:51,534:INFO:Total runtime is 0.10850793520609538 minutes
2021-12-11 22:44:51,555:INFO:SubProcess create_model() called ==================================
2021-12-11 22:44:51,557:INFO:Initializing create_model()
2021-12-11 22:44:51,557:INFO:create_model(estimator=ridge, fold=KFold(n_splits=10, random_state=None, shuffle=False), round=4, cross_validation=True, predict=True, fit_kwargs={}, groups=None, refit=False, verbose=False, system=False, metrics=None, add_to_model_list=True, display=<pycaret.internal.Display.Display object at 0x0000021A2362BE50>, kwargs={})
2021-12-11 22:44:51,557:INFO:Checking exceptions
2021-12-11 22:44:51,558:INFO:Importing libraries
2021-12-11 22:44:51,558:INFO:Copying training dataset
2021-12-11 22:44:51,560:INFO:Defining folds
2021-12-11 22:44:51,560:INFO:Declaring metric variables
2021-12-11 22:44:51,582:INFO:Importing untrained model
2021-12-11 22:44:51,601:INFO:Ridge Regression Imported succesfully
2021-12-11 22:44:51,647:INFO:Starting cross validation
2021-12-11 22:44:51,649:INFO:Cross validating with KFold(n_splits=10, random_state=None, shuffle=False), n_jobs=-1
2021-12-11 22:44:51,775:INFO:Calculating mean and std
2021-12-11 22:44:51,775:INFO:Creating metrics dataframe
2021-12-11 22:44:51,775:INFO:Uploading results into container
2021-12-11 22:44:51,775:INFO:Uploading model into container now
2021-12-11 22:44:51,775:INFO:create_model_container: 3
2021-12-11 22:44:51,775:INFO:master_model_container: 3
2021-12-11 22:44:51,775:INFO:display_container: 2
2021-12-11 22:44:51,775:INFO:Ridge(alpha=1.0, copy_X=True, fit_intercept=True, max_iter=None,
      normalize=False, random_state=123, solver='auto', tol=0.001)
2021-12-11 22:44:51,775:INFO:create_model() succesfully completed......................................
2021-12-11 22:44:51,910:INFO:SubProcess create_model() end ==================================
2021-12-11 22:44:51,910:INFO:Creating metrics dataframe
2021-12-11 22:44:51,943:INFO:Initializing Elastic Net
2021-12-11 22:44:51,943:INFO:Total runtime is 0.11535787185033163 minutes
2021-12-11 22:44:51,964:INFO:SubProcess create_model() called ==================================
2021-12-11 22:44:51,964:INFO:Initializing create_model()
2021-12-11 22:44:51,964:INFO:create_model(estimator=en, fold=KFold(n_splits=10, random_state=None, shuffle=False), round=4, cross_validation=True, predict=True, fit_kwargs={}, groups=None, refit=False, verbose=False, system=False, metrics=None, add_to_model_list=True, display=<pycaret.internal.Display.Display object at 0x0000021A2362BE50>, kwargs={})
2021-12-11 22:44:51,969:INFO:Checking exceptions
2021-12-11 22:44:51,969:INFO:Importing libraries
2021-12-11 22:44:51,969:INFO:Copying training dataset
2021-12-11 22:44:51,970:INFO:Defining folds
2021-12-11 22:44:51,971:INFO:Declaring metric variables
2021-12-11 22:44:51,987:INFO:Importing untrained model
2021-12-11 22:44:52,005:INFO:Elastic Net Imported succesfully
2021-12-11 22:44:52,040:INFO:Starting cross validation
2021-12-11 22:44:52,040:INFO:Cross validating with KFold(n_splits=10, random_state=None, shuffle=False), n_jobs=-1
2021-12-11 22:44:52,138:INFO:Calculating mean and std
2021-12-11 22:44:52,138:INFO:Creating metrics dataframe
2021-12-11 22:44:52,146:INFO:Uploading results into container
2021-12-11 22:44:52,146:INFO:Uploading model into container now
2021-12-11 22:44:52,146:INFO:create_model_container: 4
2021-12-11 22:44:52,146:INFO:master_model_container: 4
2021-12-11 22:44:52,146:INFO:display_container: 2
2021-12-11 22:44:52,151:INFO:ElasticNet(alpha=1.0, copy_X=True, fit_intercept=True, l1_ratio=0.5,
           max_iter=1000, normalize=False, positive=False, precompute=False,
           random_state=123, selection='cyclic', tol=0.0001, warm_start=False)
2021-12-11 22:44:52,184:INFO:create_model() succesfully completed......................................
2021-12-11 22:44:52,291:INFO:SubProcess create_model() end ==================================
2021-12-11 22:44:52,291:INFO:Creating metrics dataframe
2021-12-11 22:44:52,332:INFO:Initializing Least Angle Regression
2021-12-11 22:44:52,332:INFO:Total runtime is 0.12184262673060099 minutes
2021-12-11 22:44:52,359:INFO:SubProcess create_model() called ==================================
2021-12-11 22:44:52,360:INFO:Initializing create_model()
2021-12-11 22:44:52,361:INFO:create_model(estimator=lar, fold=KFold(n_splits=10, random_state=None, shuffle=False), round=4, cross_validation=True, predict=True, fit_kwargs={}, groups=None, refit=False, verbose=False, system=False, metrics=None, add_to_model_list=True, display=<pycaret.internal.Display.Display object at 0x0000021A2362BE50>, kwargs={})
2021-12-11 22:44:52,361:INFO:Checking exceptions
2021-12-11 22:44:52,362:INFO:Importing libraries
2021-12-11 22:44:52,362:INFO:Copying training dataset
2021-12-11 22:44:52,364:INFO:Defining folds
2021-12-11 22:44:52,364:INFO:Declaring metric variables
2021-12-11 22:44:52,379:INFO:Importing untrained model
2021-12-11 22:44:52,442:INFO:Least Angle Regression Imported succesfully
2021-12-11 22:44:52,486:INFO:Starting cross validation
2021-12-11 22:44:52,487:INFO:Cross validating with KFold(n_splits=10, random_state=None, shuffle=False), n_jobs=-1
2021-12-11 22:44:52,758:INFO:Calculating mean and std
2021-12-11 22:44:52,762:INFO:Creating metrics dataframe
2021-12-11 22:44:52,768:INFO:Uploading results into container
2021-12-11 22:44:52,768:INFO:Uploading model into container now
2021-12-11 22:44:52,768:INFO:create_model_container: 5
2021-12-11 22:44:52,768:INFO:master_model_container: 5
2021-12-11 22:44:52,768:INFO:display_container: 2
2021-12-11 22:44:52,768:INFO:Lars(copy_X=True, eps=2.220446049250313e-16, fit_intercept=True, fit_path=True,
     jitter=None, n_nonzero_coefs=500, normalize=True, precompute='auto',
     random_state=123, verbose=False)
2021-12-11 22:44:52,768:INFO:create_model() succesfully completed......................................
2021-12-11 22:44:52,899:INFO:SubProcess create_model() end ==================================
2021-12-11 22:44:52,899:INFO:Creating metrics dataframe
2021-12-11 22:44:52,964:INFO:Initializing Lasso Least Angle Regression
2021-12-11 22:44:52,964:INFO:Total runtime is 0.13236748377482097 minutes
2021-12-11 22:44:52,989:INFO:SubProcess create_model() called ==================================
2021-12-11 22:44:53,002:INFO:Initializing create_model()
2021-12-11 22:44:53,002:INFO:create_model(estimator=llar, fold=KFold(n_splits=10, random_state=None, shuffle=False), round=4, cross_validation=True, predict=True, fit_kwargs={}, groups=None, refit=False, verbose=False, system=False, metrics=None, add_to_model_list=True, display=<pycaret.internal.Display.Display object at 0x0000021A2362BE50>, kwargs={})
2021-12-11 22:44:53,003:INFO:Checking exceptions
2021-12-11 22:44:53,004:INFO:Importing libraries
2021-12-11 22:44:53,004:INFO:Copying training dataset
2021-12-11 22:44:53,004:INFO:Defining folds
2021-12-11 22:44:53,008:INFO:Declaring metric variables
2021-12-11 22:44:53,036:INFO:Importing untrained model
2021-12-11 22:44:53,071:INFO:Lasso Least Angle Regression Imported succesfully
2021-12-11 22:44:53,136:INFO:Starting cross validation
2021-12-11 22:44:53,138:INFO:Cross validating with KFold(n_splits=10, random_state=None, shuffle=False), n_jobs=-1
2021-12-11 22:44:53,382:INFO:Calculating mean and std
2021-12-11 22:44:53,382:INFO:Creating metrics dataframe
2021-12-11 22:44:53,394:INFO:Uploading results into container
2021-12-11 22:44:53,394:INFO:Uploading model into container now
2021-12-11 22:44:53,395:INFO:create_model_container: 6
2021-12-11 22:44:53,395:INFO:master_model_container: 6
2021-12-11 22:44:53,395:INFO:display_container: 2
2021-12-11 22:44:53,396:INFO:LassoLars(alpha=1.0, copy_X=True, eps=2.220446049250313e-16, fit_intercept=True,
          fit_path=True, jitter=None, max_iter=500, normalize=True,
          positive=False, precompute='auto', random_state=123, verbose=False)
2021-12-11 22:44:53,396:INFO:create_model() succesfully completed......................................
2021-12-11 22:44:53,527:INFO:SubProcess create_model() end ==================================
2021-12-11 22:44:53,527:INFO:Creating metrics dataframe
2021-12-11 22:44:53,582:INFO:Initializing Orthogonal Matching Pursuit
2021-12-11 22:44:53,582:INFO:Total runtime is 0.14267447392145793 minutes
2021-12-11 22:44:53,601:INFO:SubProcess create_model() called ==================================
2021-12-11 22:44:53,613:INFO:Initializing create_model()
2021-12-11 22:44:53,613:INFO:create_model(estimator=omp, fold=KFold(n_splits=10, random_state=None, shuffle=False), round=4, cross_validation=True, predict=True, fit_kwargs={}, groups=None, refit=False, verbose=False, system=False, metrics=None, add_to_model_list=True, display=<pycaret.internal.Display.Display object at 0x0000021A2362BE50>, kwargs={})
2021-12-11 22:44:53,613:INFO:Checking exceptions
2021-12-11 22:44:53,613:INFO:Importing libraries
2021-12-11 22:44:53,614:INFO:Copying training dataset
2021-12-11 22:44:53,614:INFO:Defining folds
2021-12-11 22:44:53,614:INFO:Declaring metric variables
2021-12-11 22:44:53,641:INFO:Importing untrained model
2021-12-11 22:44:53,675:INFO:Orthogonal Matching Pursuit Imported succesfully
2021-12-11 22:44:53,728:INFO:Starting cross validation
2021-12-11 22:44:53,734:INFO:Cross validating with KFold(n_splits=10, random_state=None, shuffle=False), n_jobs=-1
2021-12-11 22:44:53,898:INFO:Calculating mean and std
2021-12-11 22:44:53,898:INFO:Creating metrics dataframe
2021-12-11 22:44:53,914:INFO:Uploading results into container
2021-12-11 22:44:53,914:INFO:Uploading model into container now
2021-12-11 22:44:53,914:INFO:create_model_container: 7
2021-12-11 22:44:53,914:INFO:master_model_container: 7
2021-12-11 22:44:53,914:INFO:display_container: 2
2021-12-11 22:44:53,914:INFO:OrthogonalMatchingPursuit(fit_intercept=True, n_nonzero_coefs=None,
                          normalize=True, precompute='auto', tol=None)
2021-12-11 22:44:53,914:INFO:create_model() succesfully completed......................................
2021-12-11 22:44:54,032:INFO:SubProcess create_model() end ==================================
2021-12-11 22:44:54,032:INFO:Creating metrics dataframe
2021-12-11 22:44:54,083:INFO:Initializing Bayesian Ridge
2021-12-11 22:44:54,083:INFO:Total runtime is 0.1510155200958252 minutes
2021-12-11 22:44:54,113:INFO:SubProcess create_model() called ==================================
2021-12-11 22:44:54,113:INFO:Initializing create_model()
2021-12-11 22:44:54,113:INFO:create_model(estimator=br, fold=KFold(n_splits=10, random_state=None, shuffle=False), round=4, cross_validation=True, predict=True, fit_kwargs={}, groups=None, refit=False, verbose=False, system=False, metrics=None, add_to_model_list=True, display=<pycaret.internal.Display.Display object at 0x0000021A2362BE50>, kwargs={})
2021-12-11 22:44:54,113:INFO:Checking exceptions
2021-12-11 22:44:54,113:INFO:Importing libraries
2021-12-11 22:44:54,113:INFO:Copying training dataset
2021-12-11 22:44:54,121:INFO:Defining folds
2021-12-11 22:44:54,122:INFO:Declaring metric variables
2021-12-11 22:44:54,148:INFO:Importing untrained model
2021-12-11 22:44:54,175:INFO:Bayesian Ridge Imported succesfully
2021-12-11 22:44:54,214:INFO:Starting cross validation
2021-12-11 22:44:54,215:INFO:Cross validating with KFold(n_splits=10, random_state=None, shuffle=False), n_jobs=-1
2021-12-11 22:44:54,383:INFO:Calculating mean and std
2021-12-11 22:44:54,383:INFO:Creating metrics dataframe
2021-12-11 22:44:54,411:INFO:Uploading results into container
2021-12-11 22:44:54,411:INFO:Uploading model into container now
2021-12-11 22:44:54,412:INFO:create_model_container: 8
2021-12-11 22:44:54,412:INFO:master_model_container: 8
2021-12-11 22:44:54,412:INFO:display_container: 2
2021-12-11 22:44:54,414:INFO:BayesianRidge(alpha_1=1e-06, alpha_2=1e-06, alpha_init=None,
              compute_score=False, copy_X=True, fit_intercept=True,
              lambda_1=1e-06, lambda_2=1e-06, lambda_init=None, n_iter=300,
              normalize=False, tol=0.001, verbose=False)
2021-12-11 22:44:54,414:INFO:create_model() succesfully completed......................................
2021-12-11 22:44:54,525:INFO:SubProcess create_model() end ==================================
2021-12-11 22:44:54,525:INFO:Creating metrics dataframe
2021-12-11 22:44:54,572:INFO:Initializing Passive Aggressive Regressor
2021-12-11 22:44:54,572:INFO:Total runtime is 0.15917729536692302 minutes
2021-12-11 22:44:54,593:INFO:SubProcess create_model() called ==================================
2021-12-11 22:44:54,602:INFO:Initializing create_model()
2021-12-11 22:44:54,602:INFO:create_model(estimator=par, fold=KFold(n_splits=10, random_state=None, shuffle=False), round=4, cross_validation=True, predict=True, fit_kwargs={}, groups=None, refit=False, verbose=False, system=False, metrics=None, add_to_model_list=True, display=<pycaret.internal.Display.Display object at 0x0000021A2362BE50>, kwargs={})
2021-12-11 22:44:54,602:INFO:Checking exceptions
2021-12-11 22:44:54,603:INFO:Importing libraries
2021-12-11 22:44:54,603:INFO:Copying training dataset
2021-12-11 22:44:54,603:INFO:Defining folds
2021-12-11 22:44:54,603:INFO:Declaring metric variables
2021-12-11 22:44:54,625:INFO:Importing untrained model
2021-12-11 22:44:54,650:INFO:Passive Aggressive Regressor Imported succesfully
2021-12-11 22:44:54,692:INFO:Starting cross validation
2021-12-11 22:44:54,696:INFO:Cross validating with KFold(n_splits=10, random_state=None, shuffle=False), n_jobs=-1
2021-12-11 22:44:55,131:INFO:Calculating mean and std
2021-12-11 22:44:55,131:INFO:Creating metrics dataframe
2021-12-11 22:44:55,131:INFO:Uploading results into container
2021-12-11 22:44:55,131:INFO:Uploading model into container now
2021-12-11 22:44:55,131:INFO:create_model_container: 9
2021-12-11 22:44:55,131:INFO:master_model_container: 9
2021-12-11 22:44:55,131:INFO:display_container: 2
2021-12-11 22:44:55,145:INFO:PassiveAggressiveRegressor(C=1.0, average=False, early_stopping=False,
                           epsilon=0.1, fit_intercept=True,
                           loss='epsilon_insensitive', max_iter=1000,
                           n_iter_no_change=5, random_state=123, shuffle=True,
                           tol=0.001, validation_fraction=0.1, verbose=0,
                           warm_start=False)
2021-12-11 22:44:55,146:INFO:create_model() succesfully completed......................................
2021-12-11 22:44:55,263:INFO:SubProcess create_model() end ==================================
2021-12-11 22:44:55,263:INFO:Creating metrics dataframe
2021-12-11 22:44:55,325:INFO:Initializing Huber Regressor
2021-12-11 22:44:55,326:INFO:Total runtime is 0.17173322439193725 minutes
2021-12-11 22:44:55,346:INFO:SubProcess create_model() called ==================================
2021-12-11 22:44:55,346:INFO:Initializing create_model()
2021-12-11 22:44:55,346:INFO:create_model(estimator=huber, fold=KFold(n_splits=10, random_state=None, shuffle=False), round=4, cross_validation=True, predict=True, fit_kwargs={}, groups=None, refit=False, verbose=False, system=False, metrics=None, add_to_model_list=True, display=<pycaret.internal.Display.Display object at 0x0000021A2362BE50>, kwargs={})
2021-12-11 22:44:55,346:INFO:Checking exceptions
2021-12-11 22:44:55,346:INFO:Importing libraries
2021-12-11 22:44:55,346:INFO:Copying training dataset
2021-12-11 22:44:55,350:INFO:Defining folds
2021-12-11 22:44:55,350:INFO:Declaring metric variables
2021-12-11 22:44:55,366:INFO:Importing untrained model
2021-12-11 22:44:55,388:INFO:Huber Regressor Imported succesfully
2021-12-11 22:44:55,430:INFO:Starting cross validation
2021-12-11 22:44:55,432:INFO:Cross validating with KFold(n_splits=10, random_state=None, shuffle=False), n_jobs=-1
2021-12-11 22:44:55,651:INFO:Calculating mean and std
2021-12-11 22:44:55,651:INFO:Creating metrics dataframe
2021-12-11 22:44:55,651:INFO:Uploading results into container
2021-12-11 22:44:55,651:INFO:Uploading model into container now
2021-12-11 22:44:55,662:INFO:create_model_container: 10
2021-12-11 22:44:55,662:INFO:master_model_container: 10
2021-12-11 22:44:55,662:INFO:display_container: 2
2021-12-11 22:44:55,663:INFO:HuberRegressor(alpha=0.0001, epsilon=1.35, fit_intercept=True, max_iter=100,
               tol=1e-05, warm_start=False)
2021-12-11 22:44:55,663:INFO:create_model() succesfully completed......................................
2021-12-11 22:44:55,783:INFO:SubProcess create_model() end ==================================
2021-12-11 22:44:55,783:INFO:Creating metrics dataframe
2021-12-11 22:44:55,833:INFO:Initializing K Neighbors Regressor
2021-12-11 22:44:55,833:INFO:Total runtime is 0.1801899472872416 minutes
2021-12-11 22:44:55,853:INFO:SubProcess create_model() called ==================================
2021-12-11 22:44:55,854:INFO:Initializing create_model()
2021-12-11 22:44:55,855:INFO:create_model(estimator=knn, fold=KFold(n_splits=10, random_state=None, shuffle=False), round=4, cross_validation=True, predict=True, fit_kwargs={}, groups=None, refit=False, verbose=False, system=False, metrics=None, add_to_model_list=True, display=<pycaret.internal.Display.Display object at 0x0000021A2362BE50>, kwargs={})
2021-12-11 22:44:55,855:INFO:Checking exceptions
2021-12-11 22:44:55,855:INFO:Importing libraries
2021-12-11 22:44:55,855:INFO:Copying training dataset
2021-12-11 22:44:55,856:INFO:Defining folds
2021-12-11 22:44:55,856:INFO:Declaring metric variables
2021-12-11 22:44:55,875:INFO:Importing untrained model
2021-12-11 22:44:55,899:INFO:K Neighbors Regressor Imported succesfully
2021-12-11 22:44:55,943:INFO:Starting cross validation
2021-12-11 22:44:55,944:INFO:Cross validating with KFold(n_splits=10, random_state=None, shuffle=False), n_jobs=-1
2021-12-11 22:44:56,141:INFO:Calculating mean and std
2021-12-11 22:44:56,141:INFO:Creating metrics dataframe
2021-12-11 22:44:56,153:INFO:Uploading results into container
2021-12-11 22:44:56,153:INFO:Uploading model into container now
2021-12-11 22:44:56,153:INFO:create_model_container: 11
2021-12-11 22:44:56,159:INFO:master_model_container: 11
2021-12-11 22:44:56,159:INFO:display_container: 2
2021-12-11 22:44:56,160:INFO:KNeighborsRegressor(algorithm='auto', leaf_size=30, metric='minkowski',
                    metric_params=None, n_jobs=-1, n_neighbors=5, p=2,
                    weights='uniform')
2021-12-11 22:44:56,160:INFO:create_model() succesfully completed......................................
2021-12-11 22:44:56,274:INFO:SubProcess create_model() end ==================================
2021-12-11 22:44:56,274:INFO:Creating metrics dataframe
2021-12-11 22:44:56,338:INFO:Initializing Decision Tree Regressor
2021-12-11 22:44:56,338:INFO:Total runtime is 0.18860914309819538 minutes
2021-12-11 22:44:56,357:INFO:SubProcess create_model() called ==================================
2021-12-11 22:44:56,365:INFO:Initializing create_model()
2021-12-11 22:44:56,365:INFO:create_model(estimator=dt, fold=KFold(n_splits=10, random_state=None, shuffle=False), round=4, cross_validation=True, predict=True, fit_kwargs={}, groups=None, refit=False, verbose=False, system=False, metrics=None, add_to_model_list=True, display=<pycaret.internal.Display.Display object at 0x0000021A2362BE50>, kwargs={})
2021-12-11 22:44:56,366:INFO:Checking exceptions
2021-12-11 22:44:56,366:INFO:Importing libraries
2021-12-11 22:44:56,366:INFO:Copying training dataset
2021-12-11 22:44:56,368:INFO:Defining folds
2021-12-11 22:44:56,369:INFO:Declaring metric variables
2021-12-11 22:44:56,388:INFO:Importing untrained model
2021-12-11 22:44:56,404:INFO:Decision Tree Regressor Imported succesfully
2021-12-11 22:44:56,439:INFO:Starting cross validation
2021-12-11 22:44:56,448:INFO:Cross validating with KFold(n_splits=10, random_state=None, shuffle=False), n_jobs=-1
2021-12-11 22:44:56,634:INFO:Calculating mean and std
2021-12-11 22:44:56,634:INFO:Creating metrics dataframe
2021-12-11 22:44:56,643:INFO:Uploading results into container
2021-12-11 22:44:56,643:INFO:Uploading model into container now
2021-12-11 22:44:56,643:INFO:create_model_container: 12
2021-12-11 22:44:56,643:INFO:master_model_container: 12
2021-12-11 22:44:56,648:INFO:display_container: 2
2021-12-11 22:44:56,648:INFO:DecisionTreeRegressor(ccp_alpha=0.0, criterion='mse', max_depth=None,
                      max_features=None, max_leaf_nodes=None,
                      min_impurity_decrease=0.0, min_impurity_split=None,
                      min_samples_leaf=1, min_samples_split=2,
                      min_weight_fraction_leaf=0.0, presort='deprecated',
                      random_state=123, splitter='best')
2021-12-11 22:44:56,648:INFO:create_model() succesfully completed......................................
2021-12-11 22:44:56,769:INFO:SubProcess create_model() end ==================================
2021-12-11 22:44:56,769:INFO:Creating metrics dataframe
2021-12-11 22:44:56,820:INFO:Initializing Random Forest Regressor
2021-12-11 22:44:56,820:INFO:Total runtime is 0.19663822253545124 minutes
2021-12-11 22:44:56,840:INFO:SubProcess create_model() called ==================================
2021-12-11 22:44:56,845:INFO:Initializing create_model()
2021-12-11 22:44:56,845:INFO:create_model(estimator=rf, fold=KFold(n_splits=10, random_state=None, shuffle=False), round=4, cross_validation=True, predict=True, fit_kwargs={}, groups=None, refit=False, verbose=False, system=False, metrics=None, add_to_model_list=True, display=<pycaret.internal.Display.Display object at 0x0000021A2362BE50>, kwargs={})
2021-12-11 22:44:56,845:INFO:Checking exceptions
2021-12-11 22:44:56,846:INFO:Importing libraries
2021-12-11 22:44:56,846:INFO:Copying training dataset
2021-12-11 22:44:56,848:INFO:Defining folds
2021-12-11 22:44:56,849:INFO:Declaring metric variables
2021-12-11 22:44:56,871:INFO:Importing untrained model
2021-12-11 22:44:56,895:INFO:Random Forest Regressor Imported succesfully
2021-12-11 22:44:56,936:INFO:Starting cross validation
2021-12-11 22:44:56,942:INFO:Cross validating with KFold(n_splits=10, random_state=None, shuffle=False), n_jobs=-1
2021-12-11 22:44:58,446:INFO:Calculating mean and std
2021-12-11 22:44:58,449:INFO:Creating metrics dataframe
2021-12-11 22:44:58,462:INFO:Uploading results into container
2021-12-11 22:44:58,462:INFO:Uploading model into container now
2021-12-11 22:44:58,463:INFO:create_model_container: 13
2021-12-11 22:44:58,463:INFO:master_model_container: 13
2021-12-11 22:44:58,463:INFO:display_container: 2
2021-12-11 22:44:58,465:INFO:RandomForestRegressor(bootstrap=True, ccp_alpha=0.0, criterion='mse',
                      max_depth=None, max_features='auto', max_leaf_nodes=None,
                      max_samples=None, min_impurity_decrease=0.0,
                      min_impurity_split=None, min_samples_leaf=1,
                      min_samples_split=2, min_weight_fraction_leaf=0.0,
                      n_estimators=100, n_jobs=-1, oob_score=False,
                      random_state=123, verbose=0, warm_start=False)
2021-12-11 22:44:58,465:INFO:create_model() succesfully completed......................................
2021-12-11 22:44:58,613:INFO:SubProcess create_model() end ==================================
2021-12-11 22:44:58,614:INFO:Creating metrics dataframe
2021-12-11 22:44:58,703:INFO:Initializing Extra Trees Regressor
2021-12-11 22:44:58,708:INFO:Total runtime is 0.2280971010526021 minutes
2021-12-11 22:44:58,734:INFO:SubProcess create_model() called ==================================
2021-12-11 22:44:58,739:INFO:Initializing create_model()
2021-12-11 22:44:58,739:INFO:create_model(estimator=et, fold=KFold(n_splits=10, random_state=None, shuffle=False), round=4, cross_validation=True, predict=True, fit_kwargs={}, groups=None, refit=False, verbose=False, system=False, metrics=None, add_to_model_list=True, display=<pycaret.internal.Display.Display object at 0x0000021A2362BE50>, kwargs={})
2021-12-11 22:44:58,740:INFO:Checking exceptions
2021-12-11 22:44:58,740:INFO:Importing libraries
2021-12-11 22:44:58,740:INFO:Copying training dataset
2021-12-11 22:44:58,743:INFO:Defining folds
2021-12-11 22:44:58,744:INFO:Declaring metric variables
2021-12-11 22:44:58,778:INFO:Importing untrained model
2021-12-11 22:44:58,809:INFO:Extra Trees Regressor Imported succesfully
2021-12-11 22:44:58,874:INFO:Starting cross validation
2021-12-11 22:44:58,879:INFO:Cross validating with KFold(n_splits=10, random_state=None, shuffle=False), n_jobs=-1
2021-12-11 22:45:00,265:INFO:Calculating mean and std
2021-12-11 22:45:00,265:INFO:Creating metrics dataframe
2021-12-11 22:45:00,282:INFO:Uploading results into container
2021-12-11 22:45:00,282:INFO:Uploading model into container now
2021-12-11 22:45:00,283:INFO:create_model_container: 14
2021-12-11 22:45:00,283:INFO:master_model_container: 14
2021-12-11 22:45:00,283:INFO:display_container: 2
2021-12-11 22:45:00,283:INFO:ExtraTreesRegressor(bootstrap=False, ccp_alpha=0.0, criterion='mse',
                    max_depth=None, max_features='auto', max_leaf_nodes=None,
                    max_samples=None, min_impurity_decrease=0.0,
                    min_impurity_split=None, min_samples_leaf=1,
                    min_samples_split=2, min_weight_fraction_leaf=0.0,
                    n_estimators=100, n_jobs=-1, oob_score=False,
                    random_state=123, verbose=0, warm_start=False)
2021-12-11 22:45:00,287:INFO:create_model() succesfully completed......................................
2021-12-11 22:45:00,447:INFO:SubProcess create_model() end ==================================
2021-12-11 22:45:00,447:INFO:Creating metrics dataframe
2021-12-11 22:45:00,509:INFO:Initializing AdaBoost Regressor
2021-12-11 22:45:00,509:INFO:Total runtime is 0.25812682310740154 minutes
2021-12-11 22:45:00,531:INFO:SubProcess create_model() called ==================================
2021-12-11 22:45:00,533:INFO:Initializing create_model()
2021-12-11 22:45:00,533:INFO:create_model(estimator=ada, fold=KFold(n_splits=10, random_state=None, shuffle=False), round=4, cross_validation=True, predict=True, fit_kwargs={}, groups=None, refit=False, verbose=False, system=False, metrics=None, add_to_model_list=True, display=<pycaret.internal.Display.Display object at 0x0000021A2362BE50>, kwargs={})
2021-12-11 22:45:00,533:INFO:Checking exceptions
2021-12-11 22:45:00,534:INFO:Importing libraries
2021-12-11 22:45:00,534:INFO:Copying training dataset
2021-12-11 22:45:00,534:INFO:Defining folds
2021-12-11 22:45:00,534:INFO:Declaring metric variables
2021-12-11 22:45:00,555:INFO:Importing untrained model
2021-12-11 22:45:00,566:INFO:AdaBoost Regressor Imported succesfully
2021-12-11 22:45:00,599:INFO:Starting cross validation
2021-12-11 22:45:00,605:INFO:Cross validating with KFold(n_splits=10, random_state=None, shuffle=False), n_jobs=-1
2021-12-11 22:45:00,809:INFO:Calculating mean and std
2021-12-11 22:45:00,809:INFO:Creating metrics dataframe
2021-12-11 22:45:00,824:INFO:Uploading results into container
2021-12-11 22:45:00,824:INFO:Uploading model into container now
2021-12-11 22:45:00,825:INFO:create_model_container: 15
2021-12-11 22:45:00,825:INFO:master_model_container: 15
2021-12-11 22:45:00,825:INFO:display_container: 2
2021-12-11 22:45:00,826:INFO:AdaBoostRegressor(base_estimator=None, learning_rate=1.0, loss='linear',
                  n_estimators=50, random_state=123)
2021-12-11 22:45:00,826:INFO:create_model() succesfully completed......................................
2021-12-11 22:45:00,946:INFO:SubProcess create_model() end ==================================
2021-12-11 22:45:00,946:INFO:Creating metrics dataframe
2021-12-11 22:45:00,994:INFO:Initializing Gradient Boosting Regressor
2021-12-11 22:45:00,994:INFO:Total runtime is 0.26621023813883465 minutes
2021-12-11 22:45:01,013:INFO:SubProcess create_model() called ==================================
2021-12-11 22:45:01,013:INFO:Initializing create_model()
2021-12-11 22:45:01,013:INFO:create_model(estimator=gbr, fold=KFold(n_splits=10, random_state=None, shuffle=False), round=4, cross_validation=True, predict=True, fit_kwargs={}, groups=None, refit=False, verbose=False, system=False, metrics=None, add_to_model_list=True, display=<pycaret.internal.Display.Display object at 0x0000021A2362BE50>, kwargs={})
2021-12-11 22:45:01,013:INFO:Checking exceptions
2021-12-11 22:45:01,013:INFO:Importing libraries
2021-12-11 22:45:01,013:INFO:Copying training dataset
2021-12-11 22:45:01,025:INFO:Defining folds
2021-12-11 22:45:01,025:INFO:Declaring metric variables
2021-12-11 22:45:01,045:INFO:Importing untrained model
2021-12-11 22:45:01,062:INFO:Gradient Boosting Regressor Imported succesfully
2021-12-11 22:45:01,123:INFO:Starting cross validation
2021-12-11 22:45:01,125:INFO:Cross validating with KFold(n_splits=10, random_state=None, shuffle=False), n_jobs=-1
2021-12-11 22:45:01,516:INFO:Calculating mean and std
2021-12-11 22:45:01,516:INFO:Creating metrics dataframe
2021-12-11 22:45:01,534:INFO:Uploading results into container
2021-12-11 22:45:01,535:INFO:Uploading model into container now
2021-12-11 22:45:01,535:INFO:create_model_container: 16
2021-12-11 22:45:01,535:INFO:master_model_container: 16
2021-12-11 22:45:01,535:INFO:display_container: 2
2021-12-11 22:45:01,536:INFO:GradientBoostingRegressor(alpha=0.9, ccp_alpha=0.0, criterion='friedman_mse',
                          init=None, learning_rate=0.1, loss='ls', max_depth=3,
                          max_features=None, max_leaf_nodes=None,
                          min_impurity_decrease=0.0, min_impurity_split=None,
                          min_samples_leaf=1, min_samples_split=2,
                          min_weight_fraction_leaf=0.0, n_estimators=100,
                          n_iter_no_change=None, presort='deprecated',
                          random_state=123, subsample=1.0, tol=0.0001,
                          validation_fraction=0.1, verbose=0, warm_start=False)
2021-12-11 22:45:01,537:INFO:create_model() succesfully completed......................................
2021-12-11 22:45:01,650:INFO:SubProcess create_model() end ==================================
2021-12-11 22:45:01,650:INFO:Creating metrics dataframe
2021-12-11 22:45:01,697:INFO:Initializing Light Gradient Boosting Machine
2021-12-11 22:45:01,697:INFO:Total runtime is 0.2779217799504598 minutes
2021-12-11 22:45:01,727:INFO:SubProcess create_model() called ==================================
2021-12-11 22:45:01,747:INFO:Initializing create_model()
2021-12-11 22:45:01,747:INFO:create_model(estimator=lightgbm, fold=KFold(n_splits=10, random_state=None, shuffle=False), round=4, cross_validation=True, predict=True, fit_kwargs={}, groups=None, refit=False, verbose=False, system=False, metrics=None, add_to_model_list=True, display=<pycaret.internal.Display.Display object at 0x0000021A2362BE50>, kwargs={})
2021-12-11 22:45:01,748:INFO:Checking exceptions
2021-12-11 22:45:01,748:INFO:Importing libraries
2021-12-11 22:45:01,748:INFO:Copying training dataset
2021-12-11 22:45:01,750:INFO:Defining folds
2021-12-11 22:45:01,750:INFO:Declaring metric variables
2021-12-11 22:45:01,771:INFO:Importing untrained model
2021-12-11 22:45:01,784:INFO:Light Gradient Boosting Machine Imported succesfully
2021-12-11 22:45:01,835:INFO:Starting cross validation
2021-12-11 22:45:01,837:INFO:Cross validating with KFold(n_splits=10, random_state=None, shuffle=False), n_jobs=-1
2021-12-11 22:45:04,092:INFO:Calculating mean and std
2021-12-11 22:45:04,093:INFO:Creating metrics dataframe
2021-12-11 22:45:04,097:INFO:Uploading results into container
2021-12-11 22:45:04,097:INFO:Uploading model into container now
2021-12-11 22:45:04,103:INFO:create_model_container: 17
2021-12-11 22:45:04,103:INFO:master_model_container: 17
2021-12-11 22:45:04,103:INFO:display_container: 2
2021-12-11 22:45:04,105:INFO:LGBMRegressor(boosting_type='gbdt', class_weight=None, colsample_bytree=1.0,
              importance_type='split', learning_rate=0.1, max_depth=-1,
              min_child_samples=20, min_child_weight=0.001, min_split_gain=0.0,
              n_estimators=100, n_jobs=-1, num_leaves=31, objective=None,
              random_state=123, reg_alpha=0.0, reg_lambda=0.0, silent='warn',
              subsample=1.0, subsample_for_bin=200000, subsample_freq=0)
2021-12-11 22:45:04,105:INFO:create_model() succesfully completed......................................
2021-12-11 22:45:04,240:INFO:SubProcess create_model() end ==================================
2021-12-11 22:45:04,240:INFO:Creating metrics dataframe
2021-12-11 22:45:04,352:INFO:Initializing create_model()
2021-12-11 22:45:04,353:INFO:create_model(estimator=HuberRegressor(alpha=0.0001, epsilon=1.35, fit_intercept=True, max_iter=100,
               tol=1e-05, warm_start=False), fold=KFold(n_splits=10, random_state=None, shuffle=False), round=4, cross_validation=False, predict=False, fit_kwargs={}, groups=None, refit=True, verbose=False, system=False, metrics=None, add_to_model_list=True, display=None, kwargs={})
2021-12-11 22:45:04,354:INFO:Checking exceptions
2021-12-11 22:45:04,356:INFO:Importing libraries
2021-12-11 22:45:04,356:INFO:Copying training dataset
2021-12-11 22:45:04,357:INFO:Defining folds
2021-12-11 22:45:04,357:INFO:Declaring metric variables
2021-12-11 22:45:04,357:INFO:Importing untrained model
2021-12-11 22:45:04,358:INFO:Declaring custom model
2021-12-11 22:45:04,358:INFO:Huber Regressor Imported succesfully
2021-12-11 22:45:04,358:INFO:Cross validation set to False
2021-12-11 22:45:04,358:INFO:Fitting Model
2021-12-11 22:45:04,472:INFO:HuberRegressor(alpha=0.0001, epsilon=1.35, fit_intercept=True, max_iter=100,
               tol=1e-05, warm_start=False)
2021-12-11 22:45:04,472:INFO:create_models() succesfully completed......................................
2021-12-11 22:45:04,744:INFO:create_model_container: 17
2021-12-11 22:45:04,744:INFO:master_model_container: 17
2021-12-11 22:45:04,744:INFO:display_container: 2
2021-12-11 22:45:04,744:INFO:HuberRegressor(alpha=0.0001, epsilon=1.35, fit_intercept=True, max_iter=100,
               tol=1e-05, warm_start=False)
2021-12-11 22:45:04,744:INFO:compare_models() succesfully completed......................................
